c:\users\anne\documents\visual studio 2013\projects\interviewpractice\interviewpractice\debug\datastructuresandalgorithms.pch
c:\users\anne\documents\visual studio 2013\projects\interviewpractice\interviewpractice\debug\vc120.pdb
c:\users\anne\documents\visual studio 2013\projects\interviewpractice\interviewpractice\debug\vc120.idb
c:\users\anne\documents\visual studio 2013\projects\interviewpractice\interviewpractice\debug\stdafx.obj
c:\users\anne\documents\visual studio 2013\projects\interviewpractice\interviewpractice\debug\mystdlib.obj
c:\users\anne\documents\visual studio 2013\projects\interviewpractice\interviewpractice\debug\hash.obj
c:\users\anne\documents\visual studio 2013\projects\interviewpractice\interviewpractice\debug\main.obj
c:\users\anne\documents\visual studio 2013\projects\interviewpractice\debug\datastructuresandalgorithms.ilk
c:\users\anne\documents\visual studio 2013\projects\interviewpractice\debug\datastructuresandalgorithms.exe
c:\users\anne\documents\visual studio 2013\projects\interviewpractice\debug\datastructuresandalgorithms.pdb
c:\users\anne\documents\visual studio 2013\projects\interviewpractice\interviewpractice\debug\atoi.obj
c:\users\anne\documents\visual studio 2013\projects\interviewpractice\interviewpractice\debug\hashtable.obj
c:\users\anne\documents\visual studio 2013\projects\interviewpractice\interviewpractice\debug\datastructures.pch
c:\users\anne\documents\visual studio 2013\projects\interviewpractice\interviewpractice\debug\hashtable.pch
c:\users\anne\documents\visual studio 2013\projects\interviewpractice\interviewpractice\debug\datastru.da8aa765.tlog\cl.command.1.tlog
c:\users\anne\documents\visual studio 2013\projects\interviewpractice\interviewpractice\debug\datastru.da8aa765.tlog\cl.read.1.tlog
c:\users\anne\documents\visual studio 2013\projects\interviewpractice\interviewpractice\debug\datastru.da8aa765.tlog\cl.write.1.tlog
c:\users\anne\documents\visual studio 2013\projects\interviewpractice\interviewpractice\debug\datastru.da8aa765.tlog\link.command.1.tlog
c:\users\anne\documents\visual studio 2013\projects\interviewpractice\interviewpractice\debug\datastru.da8aa765.tlog\link.read.1.tlog
c:\users\anne\documents\visual studio 2013\projects\interviewpractice\interviewpractice\debug\datastru.da8aa765.tlog\link.write.1.tlog
