Build started 9/2/2015 1:14:27 AM.
     1>Project "C:\Users\Anne\Documents\Visual Studio 2013\Projects\InterviewPractice\InterviewPractice\InterviewPractice.vcxproj" on node 2 (Build target(s)).
     1>C:\Program Files (x86)\MSBuild\Microsoft.Cpp\v4.0\V120\Microsoft.CppBuild.targets(388,5): warning MSB8028: The intermediate directory (Debug\) contains files shared from another project (DataStructures.vcxproj, HashTable.vcxproj).  This can lead to incorrect clean and rebuild behavior.
     1>ClCompile:
         C:\Program Files (x86)\Microsoft Visual Studio 12.0\VC\bin\CL.exe /c /ZI /nologo /W3 /WX- /sdl /Od /Oy- /D WIN32 /D _DEBUG /D _CONSOLE /D _LIB /D _UNICODE /D UNICODE /Gm /EHsc /RTC1 /MDd /GS /fp:precise /Zc:wchar_t /Zc:forScope /Yc"stdafx.h" /Fp"Debug\DataStructuresAndAlgorithms.pch" /Fo"Debug\\" /Fd"Debug\vc120.pdb" /Gd /TP /analyze- /errorReport:prompt stdafx.cpp
         stdafx.cpp
         C:\Program Files (x86)\Microsoft Visual Studio 12.0\VC\bin\CL.exe /c /ZI /nologo /W3 /WX- /sdl /Od /Oy- /D WIN32 /D _DEBUG /D _CONSOLE /D _LIB /D _UNICODE /D UNICODE /Gm /EHsc /RTC1 /MDd /GS /fp:precise /Zc:wchar_t /Zc:forScope /Yu"stdafx.h" /Fp"Debug\DataStructuresAndAlgorithms.pch" /Fo"Debug\\" /Fd"Debug\vc120.pdb" /Gd /TP /analyze- /errorReport:prompt MySTDLib.h Hash.cpp main.cpp
         main.cpp
         Hash.cpp
         MySTDLib.h
         Generating Code...
       Link:
         C:\Program Files (x86)\Microsoft Visual Studio 12.0\VC\bin\link.exe /ERRORREPORT:PROMPT /OUT:"C:\Users\Anne\Documents\Visual Studio 2013\Projects\InterviewPractice\Debug\DataStructuresAndAlgorithms.exe" /INCREMENTAL /NOLOGO kernel32.lib user32.lib gdi32.lib winspool.lib comdlg32.lib advapi32.lib shell32.lib ole32.lib oleaut32.lib uuid.lib odbc32.lib odbccp32.lib /MANIFEST /MANIFESTUAC:"level='asInvoker' uiAccess='false'" /manifest:embed /DEBUG /PDB:"C:\Users\Anne\Documents\Visual Studio 2013\Projects\InterviewPractice\Debug\DataStructuresAndAlgorithms.pdb" /SUBSYSTEM:CONSOLE /TLBID:1 /DYNAMICBASE /NXCOMPAT /IMPLIB:"C:\Users\Anne\Documents\Visual Studio 2013\Projects\InterviewPractice\Debug\DataStructuresAndAlgorithms.lib" /MACHINE:X86 Debug\MySTDLib.obj
         Debug\Hash.obj
         Debug\main.obj
         Debug\stdafx.obj
         InterviewPractice.vcxproj -> C:\Users\Anne\Documents\Visual Studio 2013\Projects\InterviewPractice\Debug\DataStructuresAndAlgorithms.exe
     1>Done Building Project "C:\Users\Anne\Documents\Visual Studio 2013\Projects\InterviewPractice\InterviewPractice\InterviewPractice.vcxproj" (Build target(s)).

Build succeeded.

Time Elapsed 00:00:01.32
